{
  "RSpec": {
    "coverage": {
      "/Users/composer1/Documents/ratebeer_2017/ratebeer_2017_w5/app/models/rating.rb": [
        1,
        1,
        1,
        null,
        1,
        null,
        null,
        null,
        1,
        0,
        null,
        null
      ],
      "/Users/composer1/Documents/ratebeer_2017/ratebeer_2017_w5/app/helpers/application_helper.rb": [
        1,
        null
      ],
      "/Users/composer1/Documents/ratebeer_2017/ratebeer_2017_w5/app/helpers/beer_clubs_helper.rb": [
        1,
        null
      ],
      "/Users/composer1/Documents/ratebeer_2017/ratebeer_2017_w5/app/helpers/beers_helper.rb": [
        1,
        null
      ],
      "/Users/composer1/Documents/ratebeer_2017/ratebeer_2017_w5/app/helpers/breweries_helper.rb": [
        1,
        null
      ],
      "/Users/composer1/Documents/ratebeer_2017/ratebeer_2017_w5/app/helpers/memberships_helper.rb": [
        1,
        null
      ],
      "/Users/composer1/Documents/ratebeer_2017/ratebeer_2017_w5/app/helpers/places_helper.rb": [
        1,
        null
      ],
      "/Users/composer1/Documents/ratebeer_2017/ratebeer_2017_w5/app/helpers/users_helper.rb": [
        1,
        null
      ],
      "/Users/composer1/Documents/ratebeer_2017/ratebeer_2017_w5/lib/beermapping_api.rb": [
        1,
        null,
        1,
        3,
        3,
        3,
        3,
        null,
        3,
        null,
        2,
        2,
        3,
        null,
        null,
        null,
        null,
        null,
        null,
        null
      ],
      "/Users/composer1/Documents/ratebeer_2017/ratebeer_2017_w5/app/models/place.rb": [
        1,
        1,
        0,
        null,
        null
      ],
      "/Users/composer1/Documents/ratebeer_2017/ratebeer_2017_w5/app/controllers/application_controller.rb": [
        0,
        0,
        0,
        0,
        0,
        0,
        0,
        0,
        0,
        0,
        0,
        0,
        0,
        0,
        0,
        0
      ],
      "/Users/composer1/Documents/ratebeer_2017/ratebeer_2017_w5/app/controllers/beer_clubs_controller.rb": [
        0,
        0,
        0,
        0,
        0,
        0,
        0,
        0,
        0,
        0,
        0,
        0,
        0,
        0,
        0,
        0,
        0,
        0,
        0,
        0,
        0,
        0,
        0,
        0,
        0,
        0,
        0,
        0,
        0,
        0,
        0,
        0,
        0,
        0,
        0,
        0,
        0,
        0,
        0,
        0,
        0,
        0,
        0,
        0,
        0,
        0,
        0,
        0,
        0,
        0,
        0,
        0,
        0,
        0,
        0,
        0,
        0,
        0,
        0,
        0,
        0,
        0,
        0,
        0,
        0,
        0,
        0,
        0,
        0,
        0,
        0,
        0,
        0,
        0,
        0
      ],
      "/Users/composer1/Documents/ratebeer_2017/ratebeer_2017_w5/app/controllers/beers_controller.rb": [
        0,
        0,
        0,
        0,
        0,
        0,
        0,
        0,
        0,
        0,
        0,
        0,
        0,
        0,
        0,
        0,
        0,
        0,
        0,
        0,
        0,
        0,
        0,
        0,
        0,
        0,
        0,
        0,
        0,
        0,
        0,
        0,
        0,
        0,
        0,
        0,
        0,
        0,
        0,
        0,
        0,
        0,
        0,
        0,
        0,
        0,
        0,
        0,
        0,
        0,
        0,
        0,
        0,
        0,
        0,
        0,
        0,
        0,
        0,
        0,
        0,
        0,
        0,
        0,
        0,
        0,
        0,
        0,
        0,
        0,
        0,
        0,
        0,
        0,
        0,
        0,
        0,
        0,
        0,
        0
      ],
      "/Users/composer1/Documents/ratebeer_2017/ratebeer_2017_w5/app/controllers/breweries_controller.rb": [
        0,
        0,
        0,
        0,
        0,
        0,
        0,
        0,
        0,
        0,
        0,
        0,
        0,
        0,
        0,
        0,
        0,
        0,
        0,
        0,
        0,
        0,
        0,
        0,
        0,
        0,
        0,
        0,
        0,
        0,
        0,
        0,
        0,
        0,
        0,
        0,
        0,
        0,
        0,
        0,
        0,
        0,
        0,
        0,
        0,
        0,
        0,
        0,
        0,
        0,
        0,
        0,
        0,
        0,
        0,
        0,
        0,
        0,
        0,
        0,
        0,
        0,
        0,
        0,
        0,
        0,
        0,
        0,
        0,
        0,
        0,
        0,
        0,
        0,
        0,
        0
      ],
      "/Users/composer1/Documents/ratebeer_2017/ratebeer_2017_w5/app/controllers/memberships_controller.rb": [
        0,
        0,
        0,
        0,
        0,
        0,
        0,
        0,
        0,
        0,
        0,
        0,
        0,
        0,
        0,
        0,
        0,
        0,
        0,
        0,
        0,
        0,
        0,
        0,
        0,
        0,
        0,
        0,
        0,
        0,
        0,
        0,
        0,
        0,
        0,
        0,
        0,
        0,
        0,
        0,
        0,
        0,
        0,
        0,
        0,
        0,
        0,
        0,
        0,
        0,
        0,
        0,
        0,
        0,
        0,
        0,
        0,
        0,
        0,
        0,
        0,
        0,
        0,
        0,
        0,
        0,
        0,
        0,
        0,
        0,
        0,
        0,
        0,
        0,
        0,
        0,
        0,
        0
      ],
      "/Users/composer1/Documents/ratebeer_2017/ratebeer_2017_w5/app/controllers/places_controller.rb": [
        0,
        0,
        0,
        0,
        0,
        0,
        0,
        0,
        0,
        0,
        0,
        0,
        0,
        0,
        0,
        0,
        0,
        0,
        0,
        0,
        0,
        0,
        0,
        0,
        0,
        0,
        0,
        0,
        0,
        0,
        0,
        0,
        0,
        0
      ],
      "/Users/composer1/Documents/ratebeer_2017/ratebeer_2017_w5/app/controllers/ratings_controller.rb": [
        0,
        0,
        0,
        0,
        0,
        0,
        0,
        0,
        0,
        0,
        0,
        0,
        0,
        0,
        0,
        0,
        0,
        0,
        0,
        0,
        0,
        0,
        0,
        0,
        0,
        0,
        0,
        0,
        0
      ],
      "/Users/composer1/Documents/ratebeer_2017/ratebeer_2017_w5/app/controllers/sessions_controller.rb": [
        0,
        0,
        0,
        0,
        0,
        0,
        0,
        0,
        0,
        0,
        0,
        0,
        0,
        0,
        0,
        0,
        0,
        0,
        0,
        0,
        0,
        0
      ],
      "/Users/composer1/Documents/ratebeer_2017/ratebeer_2017_w5/app/controllers/users_controller.rb": [
        0,
        0,
        0,
        0,
        0,
        0,
        0,
        0,
        0,
        0,
        0,
        0,
        0,
        0,
        0,
        0,
        0,
        0,
        0,
        0,
        0,
        0,
        0,
        0,
        0,
        0,
        0,
        0,
        0,
        0,
        0,
        0,
        0,
        0,
        0,
        0,
        0,
        0,
        0,
        0,
        0,
        0,
        0,
        0,
        0,
        0,
        0,
        0,
        0,
        0,
        0,
        0,
        0,
        0,
        0,
        0,
        0,
        0,
        0,
        0,
        0,
        0,
        0,
        0,
        0,
        0,
        0,
        0,
        0,
        0,
        0,
        0,
        0,
        0
      ],
      "/Users/composer1/Documents/ratebeer_2017/ratebeer_2017_w5/app/models/beer.rb": [
        0,
        0,
        0,
        0,
        0,
        0,
        0,
        0,
        0,
        0,
        0,
        0,
        0,
        0,
        0,
        0,
        0,
        0,
        0
      ],
      "/Users/composer1/Documents/ratebeer_2017/ratebeer_2017_w5/app/models/beer_club.rb": [
        0,
        0,
        0,
        0
      ],
      "/Users/composer1/Documents/ratebeer_2017/ratebeer_2017_w5/app/models/brewery.rb": [
        0,
        0,
        0,
        0,
        0,
        0,
        0,
        0,
        0,
        0,
        0
      ],
      "/Users/composer1/Documents/ratebeer_2017/ratebeer_2017_w5/app/models/concerns/rating_average.rb": [
        0,
        0,
        0,
        0,
        0,
        0,
        0
      ],
      "/Users/composer1/Documents/ratebeer_2017/ratebeer_2017_w5/app/models/membership.rb": [
        0,
        0,
        0,
        0
      ],
      "/Users/composer1/Documents/ratebeer_2017/ratebeer_2017_w5/app/models/user.rb": [
        0,
        0,
        0,
        0,
        0,
        0,
        0,
        0,
        0,
        0,
        0,
        0,
        0,
        0,
        0,
        0,
        0,
        0,
        0,
        0,
        0,
        0,
        0,
        0,
        0,
        0,
        0,
        0,
        0,
        0,
        0,
        0,
        0,
        0,
        0,
        0,
        0,
        0,
        0,
        0,
        0,
        0,
        0,
        0,
        0,
        0,
        0,
        0,
        0,
        0
      ]
    },
    "timestamp": 1487437611
  }
}
